c:\temp\mimikatz-master (1)\mimi\obfs\miaquvwg\x64\kcpdclqlmisc.obj
c:\temp\mimikatz-master (1)\mimi\obfs\miaquvwg\x64\kcpdclqlrpc.obj
c:\temp\mimikatz-master (1)\mimi\obfs\miaquvwg\x64\miaquvwg.obj
c:\temp\mimikatz-master (1)\mimi\obfs\miaquvwg\x64\sqlite3.obj
c:\temp\mimikatz-master (1)\mimi\obfs\miaquvwg\x64\ydeuclqlacr.obj
c:\temp\mimikatz-master (1)\mimi\obfs\miaquvwg\x64\ydeuclqlasn1.obj
c:\temp\mimikatz-master (1)\mimi\obfs\miaquvwg\x64\ydeuclqlbusylight.obj
c:\temp\mimikatz-master (1)\mimi\obfs\miaquvwg\x64\ydeuclqlcabinet.obj
c:\temp\mimikatz-master (1)\mimi\obfs\miaquvwg\x64\ydeuclqlcred.obj
c:\temp\mimikatz-master (1)\mimi\obfs\miaquvwg\x64\ydeuclqlcrypto.obj
c:\temp\mimikatz-master (1)\mimi\obfs\miaquvwg\x64\ydeuclqlcrypto_ngc.obj
c:\temp\mimikatz-master (1)\mimi\obfs\miaquvwg\x64\ydeuclqlcrypto_remote.obj
c:\temp\mimikatz-master (1)\mimi\obfs\miaquvwg\x64\ydeuclqlcrypto_sk.obj
c:\temp\mimikatz-master (1)\mimi\obfs\miaquvwg\x64\ydeuclqldpapi.obj
c:\temp\mimikatz-master (1)\mimi\obfs\miaquvwg\x64\ydeuclqlfile.obj
c:\temp\mimikatz-master (1)\mimi\obfs\miaquvwg\x64\ydeuclqlhandle.obj
c:\temp\mimikatz-master (1)\mimi\obfs\miaquvwg\x64\ydeuclqlhid.obj
c:\temp\mimikatz-master (1)\mimi\obfs\miaquvwg\x64\ydeuclqlkernel.obj
c:\temp\mimikatz-master (1)\mimi\obfs\miaquvwg\x64\ydeuclqlkey.obj
c:\temp\mimikatz-master (1)\mimi\obfs\miaquvwg\x64\ydeuclqlldap.obj
c:\temp\mimikatz-master (1)\mimi\obfs\miaquvwg\x64\ydeuclqlmemory.obj
c:\temp\mimikatz-master (1)\mimi\obfs\miaquvwg\x64\ydeuclqlminidump.obj
c:\temp\mimikatz-master (1)\mimi\obfs\miaquvwg\x64\ydeuclqlnet.obj
c:\temp\mimikatz-master (1)\mimi\obfs\miaquvwg\x64\ydeuclqloutput.obj
c:\temp\mimikatz-master (1)\mimi\obfs\miaquvwg\x64\ydeuclqlpatch.obj
c:\temp\mimikatz-master (1)\mimi\obfs\miaquvwg\x64\ydeuclqlpipe.obj
c:\temp\mimikatz-master (1)\mimi\obfs\miaquvwg\x64\ydeuclqlpn532.obj
c:\temp\mimikatz-master (1)\mimi\obfs\miaquvwg\x64\ydeuclqlprocess.obj
c:\temp\mimikatz-master (1)\mimi\obfs\miaquvwg\x64\ydeuclqlrdm.obj
c:\temp\mimikatz-master (1)\mimi\obfs\miaquvwg\x64\ydeuclqlregistry.obj
c:\temp\mimikatz-master (1)\mimi\obfs\miaquvwg\x64\ydeuclqlremotelib.obj
c:\temp\mimikatz-master (1)\mimi\obfs\miaquvwg\x64\ydeuclqlrpc.obj
c:\temp\mimikatz-master (1)\mimi\obfs\miaquvwg\x64\ydeuclqlrpc_bkrp.obj
c:\temp\mimikatz-master (1)\mimi\obfs\miaquvwg\x64\ydeuclqlrpc_dpapi-entries.obj
c:\temp\mimikatz-master (1)\mimi\obfs\miaquvwg\x64\ydeuclqlrpc_mimicom.obj
c:\temp\mimikatz-master (1)\mimi\obfs\miaquvwg\x64\ydeuclqlrpc_ms-bkrp_c.obj
c:\temp\mimikatz-master (1)\mimi\obfs\miaquvwg\x64\ydeuclqlrpc_ms-claims.obj
c:\temp\mimikatz-master (1)\mimi\obfs\miaquvwg\x64\ydeuclqlrpc_ms-credentialkeys.obj
c:\temp\mimikatz-master (1)\mimi\obfs\miaquvwg\x64\ydeuclqlrpc_ms-dcom_iobjectexporter_c.obj
c:\temp\mimikatz-master (1)\mimi\obfs\miaquvwg\x64\ydeuclqlrpc_ms-efsr_c.obj
c:\temp\mimikatz-master (1)\mimi\obfs\miaquvwg\x64\ydeuclqlrpc_ms-pac.obj
c:\temp\mimikatz-master (1)\mimi\obfs\miaquvwg\x64\ydeuclqlrpc_ms-par_c.obj
c:\temp\mimikatz-master (1)\mimi\obfs\miaquvwg\x64\ydeuclqlrpc_ms-rprn.obj
c:\temp\mimikatz-master (1)\mimi\obfs\miaquvwg\x64\ydeuclqlservice.obj
c:\temp\mimikatz-master (1)\mimi\obfs\miaquvwg\x64\ydeuclqlsr98.obj
c:\temp\mimikatz-master (1)\mimi\obfs\miaquvwg\x64\ydeuclqlstring.obj
c:\temp\mimikatz-master (1)\mimi\obfs\miaquvwg\x64\ydeuclqltoken.obj
c:\temp\mimikatz-master (1)\mimi\obfs\miaquvwg\x64\ydeuclqlxml.obj
c:\temp\mimikatz-master (1)\mimi\obfs\miaquvwg\x64\miaquvwg.res
c:\temp\mimikatz-master (1)\mimi\obfs\miaquvwg\x64\vc141.pdb
c:\temp\mimikatz-master (1)\mimi\obfs\x64\miaquvwg.exe
