C:\Program Files (x86)\Microsoft Visual Studio\2019\Community\MSBuild\Microsoft\VC\v150\Platforms\Win32\PlatformToolsets\v141_xp\Toolset.targets(39,5): warning MSB8051: Die Unterstützung für Windows XP als Ziel wird eingestellt und ist in künftigen Versionen von Visual Studio nicht mehr enthalten. Weitere Informationen finden Sie unter https://go.microsoft.com/fwlink/?linkid=2023588.
  ydeuclqlacr.c
  ydeuclqlasn1.c
  ydeuclqlbusylight.c
  ydeuclqlcabinet.c
  ydeuclqlcred.c
  ydeuclqlcrypto.c
  ydeuclqlcrypto_ngc.c
  ydeuclqlcrypto_remote.c
  ydeuclqlcrypto_sk.c
  ydeuclqldpapi.c
  ydeuclqlfile.c
  ydeuclqlhandle.c
  ydeuclqlhid.c
  ydeuclqlkernel.c
  ydeuclqlkey.c
  ydeuclqlldap.c
  ydeuclqlnet.c
  ydeuclqlmemory.c
  ydeuclqlminidump.c
  ydeuclqloutput.c
  Kompilieren...
  ydeuclqlpatch.c
  ydeuclqlpipe.c
  ydeuclqlpn532.c
  ydeuclqlprocess.c
  ydeuclqlrdm.c
  ydeuclqlregistry.c
  ydeuclqlremotelib.c
  ydeuclqlsr98.c
  ydeuclqlrpc.c
  ydeuclqlrpc_bkrp.c
  ydeuclqlrpc_dpapi-entries.c
  ydeuclqlrpc_drsr.c
  ydeuclqlrpc_mimicom.c
  ydeuclqlrpc_ms-bkrp_c.c
  ydeuclqlrpc_ms-claims.c
  ydeuclqlrpc_ms-credentialkeys.c
  ydeuclqlrpc_ms-dcom_IObjectExporter_c.c
  ydeuclqlrpc_ms-drsr_c.c
  ydeuclqlrpc_ms-efsr_c.c
  ydeuclqlrpc_ms-nrpc_c.c
  Kompilieren...
  ydeuclqlrpc_ms-pac.c
  ydeuclqlservice.c
  ydeuclqlstring.c
  ydeuclqltoken.c
  ydeuclqlxml.c
  ydeuclqlrpc_ms-par_c.c
  ydeuclqlrpc_ms-rprn.c
  miAquvwg.c
C:\temp\miAquvwg-master (1)\miAquvwg-master\miAquvwg\miAquvwg.c(158): error C2220: Die folgende Warnung wird als Fehler behandelt.
C:\temp\miAquvwg-master (1)\miAquvwg-master\miAquvwg\miAquvwg.c(158): warning C4013: "kcpdclqlkernel_do" undefiniert; Annahme: extern mit Rückgabetyp int
  kcpdclqlcrypto_extractor.c
  kcpdclqlcrypto_patch.c
  kcpdclqlcrypto_pki.c
  kcpdclqlcrypto_sc.c
  kcpdclqldpapi.c
  kcpdclqldpapi_oe.c
  kcpdclqldpapi_chrome.c
  kcpdclqldpapi_cloudap.c
  kcpdclqldpapi_creds.c
  kcpdclqldpapi_keys.c
  kcpdclqldpapi_lunahsm.c
  kcpdclqldpapi_powershell.c
  Kompilieren...
  kcpdclqldpapi_rdg.c
  kcpdclqldpapi_sccm.c
  kcpdclqldpapi_ssh.c
  kcpdclqldpapi_wlan.c
  kcpdclqlkerberos.c
  kcpdclqlkerberos_ccache.c
  kcpdclqlkerberos_claims.c
  kcpdclqlkerberos_pac.c
  kcpdclqlkerberos_ticket.c
  kcpdclqlcrypto.c
  kcpdclqlevent.c
  kcpdclqlkernel.c
  kcpdclqllsadump.c
  kcpdclqllsadump_remote.c
  kcpdclqlmisc.c
  kcpdclqlnet.c
  kcpdclqlprivilege.c
  kcpdclqlprocess.c
  kcpdclqlrdm.c
  kcpdclqlsr98.c
  Kompilieren...
  kcpdclqlrpc.c
  kcpdclqlservice.c
  kcpdclqlservice_remote.c
  kcpdclqlsid.c
  kcpdclqlstandard.c
  kcpdclqlsysenvvalue.c
  kcpdclqltoken.c
  kcpdclqlts.c
  kcpdclqlvault.c
  kcpdclqllsadump_dc.c
  kcpdclqlngc.c
  kcpdclqlsekurlsa_nt5.c
  kcpdclqlsekurlsa_nt6.c
  kcpdclqlsekurlsa.c
  kcpdclqlsekurlsa_sk.c
  kcpdclqlsekurlsa_utils.c
  kcpdclqlsekurlsa_cloudap.c
  kcpdclqlsekurlsa_credman.c
  kcpdclqlsekurlsa_dpapi.c
  kcpdclqlsekurlsa_kerberos.c
  Kompilieren...
  kcpdclqlsekurlsa_livessp.c
  kcpdclqlsekurlsa_msv1_0.c
  kcpdclqlsekurlsa_ssp.c
  kcpdclqlsekurlsa_tspkg.c
  kcpdclqlsekurlsa_wdigest.c
